INFO 2024-04-26 16:46:34,641 autoreload 68913 8302721728 Watching for file changes with StatReloader
INFO 2024-04-26 16:47:15,796 autoreload 68922 8302721728 Watching for file changes with StatReloader
INFO 2024-04-26 16:47:20,333 basehttp 68922 6197243904 "GET /random/dice/ HTTP/1.1" 200 10
INFO 2024-04-26 16:47:23,937 basehttp 68922 6197243904 "GET /random/dice/ HTTP/1.1" 200 10
INFO 2024-04-26 16:47:26,187 basehttp 68922 6197243904 "GET /random/dice/ HTTP/1.1" 200 10
INFO 2024-04-26 16:47:28,342 basehttp 68922 6197243904 "GET /random/dice/ HTTP/1.1" 200 10
INFO 2024-04-26 16:47:30,440 basehttp 68922 6197243904 "GET /random/dice/ HTTP/1.1" 200 10
INFO 2024-04-26 16:47:32,470 basehttp 68922 6197243904 "GET /random/dice/ HTTP/1.1" 200 10
INFO 2024-04-26 16:47:34,382 basehttp 68922 6197243904 "GET /random/dice/ HTTP/1.1" 200 10
INFO 2024-04-26 16:47:36,259 basehttp 68922 6197243904 "GET /random/dice/ HTTP/1.1" 200 10
INFO 2024-04-26 16:47:38,375 basehttp 68922 6197243904 "GET /random/dice/ HTTP/1.1" 200 10
INFO 2024-04-26 16:47:40,327 basehttp 68922 6197243904 "GET /random/dice/ HTTP/1.1" 200 10
INFO 2024-04-26 16:47:42,280 basehttp 68922 6197243904 "GET /random/dice/ HTTP/1.1" 200 10
INFO 2024-04-26 16:47:49,125 basehttp 68922 6197243904 - Broken pipe from ('192.168.1.6', 56351)
INFO 2024-04-26 16:52:54,317 autoreload 68922 8302721728 /Users/ainurshamsutdinov/Projects/geekbrains/django/1-seminar-django/seminar/seminar/settings.py changed, reloading.
INFO 2024-04-26 16:52:54,474 autoreload 68963 8302721728 Watching for file changes with StatReloader
INFO 2024-04-26 16:53:05,710 basehttp 68963 6162886656 "GET / HTTP/1.1" 200 13
INFO 2024-04-26 16:53:23,843 basehttp 68963 6162886656 "GET /random/dice HTTP/1.1" 301 0
INFO 2024-04-26 16:53:23,845 views 68963 6179713024 Dice page accessed 1
INFO 2024-04-26 16:53:23,845 basehttp 68963 6179713024 "GET /random/dice/ HTTP/1.1" 200 10
INFO 2024-04-26 16:53:32,570 views 68963 6179713024 Dice page accessed 3
INFO 2024-04-26 16:53:32,571 basehttp 68963 6179713024 "GET /random/dice/ HTTP/1.1" 200 10
INFO 2024-04-26 16:53:33,653 views 68963 6179713024 Dice page accessed 5
INFO 2024-04-26 16:53:33,654 basehttp 68963 6179713024 "GET /random/dice/ HTTP/1.1" 200 10
INFO 2024-04-26 16:53:34,705 views 68963 6179713024 Dice page accessed 1
INFO 2024-04-26 16:53:34,706 basehttp 68963 6179713024 "GET /random/dice/ HTTP/1.1" 200 10
INFO 2024-04-26 16:53:35,612 views 68963 6179713024 Dice page accessed 4
INFO 2024-04-26 16:53:35,613 basehttp 68963 6179713024 "GET /random/dice/ HTTP/1.1" 200 10
INFO 2024-04-26 16:53:36,129 views 68963 6179713024 Dice page accessed 3
INFO 2024-04-26 16:53:36,130 basehttp 68963 6179713024 "GET /random/dice/ HTTP/1.1" 200 10
INFO 2024-04-26 16:53:36,501 views 68963 6179713024 Dice page accessed 5
INFO 2024-04-26 16:53:36,501 basehttp 68963 6179713024 "GET /random/dice/ HTTP/1.1" 200 10
INFO 2024-04-26 16:53:36,814 views 68963 6179713024 Dice page accessed 4
INFO 2024-04-26 16:53:36,815 basehttp 68963 6179713024 "GET /random/dice/ HTTP/1.1" 200 10
INFO 2024-04-26 16:53:37,164 views 68963 6179713024 Dice page accessed 2
INFO 2024-04-26 16:53:37,165 basehttp 68963 6179713024 "GET /random/dice/ HTTP/1.1" 200 10
INFO 2024-04-26 16:53:37,433 views 68963 6179713024 Dice page accessed 3
INFO 2024-04-26 16:53:37,434 basehttp 68963 6179713024 "GET /random/dice/ HTTP/1.1" 200 10
INFO 2024-04-26 16:53:37,692 views 68963 6179713024 Dice page accessed 1
INFO 2024-04-26 16:53:37,693 basehttp 68963 6179713024 "GET /random/dice/ HTTP/1.1" 200 10
INFO 2024-04-26 16:53:37,922 views 68963 6179713024 Dice page accessed 3
INFO 2024-04-26 16:53:37,922 basehttp 68963 6179713024 "GET /random/dice/ HTTP/1.1" 200 10
INFO 2024-04-26 16:53:38,130 views 68963 6179713024 Dice page accessed 2
INFO 2024-04-26 16:53:38,131 basehttp 68963 6179713024 "GET /random/dice/ HTTP/1.1" 200 10
INFO 2024-04-26 16:53:38,311 views 68963 6179713024 Dice page accessed 5
INFO 2024-04-26 16:53:38,312 basehttp 68963 6179713024 "GET /random/dice/ HTTP/1.1" 200 10
INFO 2024-04-26 16:53:38,476 views 68963 6179713024 Dice page accessed 5
INFO 2024-04-26 16:53:38,477 basehttp 68963 6179713024 "GET /random/dice/ HTTP/1.1" 200 10
INFO 2024-04-26 16:53:38,658 views 68963 6179713024 Dice page accessed 2
INFO 2024-04-26 16:53:38,659 basehttp 68963 6179713024 "GET /random/dice/ HTTP/1.1" 200 10
INFO 2024-04-26 16:53:38,814 views 68963 6179713024 Dice page accessed 4
INFO 2024-04-26 16:53:38,814 basehttp 68963 6179713024 "GET /random/dice/ HTTP/1.1" 200 10
INFO 2024-04-26 16:53:38,995 views 68963 6179713024 Dice page accessed 2
INFO 2024-04-26 16:53:38,996 basehttp 68963 6179713024 "GET /random/dice/ HTTP/1.1" 200 10
INFO 2024-04-26 16:53:39,157 views 68963 6179713024 Dice page accessed 5
INFO 2024-04-26 16:53:39,157 basehttp 68963 6179713024 "GET /random/dice/ HTTP/1.1" 200 10
INFO 2024-04-26 16:53:39,491 views 68963 6179713024 Dice page accessed 2
INFO 2024-04-26 16:53:39,492 basehttp 68963 6179713024 "GET /random/dice/ HTTP/1.1" 200 10
INFO 2024-04-26 16:53:39,673 views 68963 6179713024 Dice page accessed 4
INFO 2024-04-26 16:53:39,674 basehttp 68963 6179713024 "GET /random/dice/ HTTP/1.1" 200 10
INFO 2024-04-26 16:53:39,832 views 68963 6179713024 Dice page accessed 5
INFO 2024-04-26 16:53:39,833 basehttp 68963 6179713024 "GET /random/dice/ HTTP/1.1" 200 10
INFO 2024-04-26 16:53:40,011 views 68963 6179713024 Dice page accessed 2
INFO 2024-04-26 16:53:40,012 basehttp 68963 6179713024 "GET /random/dice/ HTTP/1.1" 200 10
INFO 2024-04-26 16:53:40,191 views 68963 6179713024 Dice page accessed 5
INFO 2024-04-26 16:53:40,192 basehttp 68963 6179713024 "GET /random/dice/ HTTP/1.1" 200 10
INFO 2024-04-26 16:53:40,352 views 68963 6179713024 Dice page accessed 1
INFO 2024-04-26 16:53:40,353 basehttp 68963 6179713024 "GET /random/dice/ HTTP/1.1" 200 10
INFO 2024-04-26 16:53:40,540 views 68963 6179713024 Dice page accessed 2
INFO 2024-04-26 16:53:40,541 basehttp 68963 6179713024 "GET /random/dice/ HTTP/1.1" 200 10
INFO 2024-04-26 16:53:40,704 views 68963 6179713024 Dice page accessed 1
INFO 2024-04-26 16:53:40,704 basehttp 68963 6179713024 "GET /random/dice/ HTTP/1.1" 200 10
INFO 2024-04-26 16:53:40,860 views 68963 6179713024 Dice page accessed 3
INFO 2024-04-26 16:53:40,861 basehttp 68963 6179713024 "GET /random/dice/ HTTP/1.1" 200 10
INFO 2024-04-26 16:53:41,046 views 68963 6179713024 Dice page accessed 1
INFO 2024-04-26 16:53:41,047 basehttp 68963 6179713024 "GET /random/dice/ HTTP/1.1" 200 10
INFO 2024-04-26 16:53:41,198 views 68963 6179713024 Dice page accessed 4
INFO 2024-04-26 16:53:41,199 basehttp 68963 6179713024 "GET /random/dice/ HTTP/1.1" 200 10
INFO 2024-04-26 16:53:41,359 views 68963 6179713024 Dice page accessed 5
INFO 2024-04-26 16:53:41,360 basehttp 68963 6179713024 "GET /random/dice/ HTTP/1.1" 200 10
INFO 2024-04-26 16:53:41,529 views 68963 6179713024 Dice page accessed 1
INFO 2024-04-26 16:53:41,530 basehttp 68963 6179713024 "GET /random/dice/ HTTP/1.1" 200 10
INFO 2024-04-26 16:53:41,696 views 68963 6179713024 Dice page accessed 3
INFO 2024-04-26 16:53:41,696 basehttp 68963 6179713024 "GET /random/dice/ HTTP/1.1" 200 10
INFO 2024-04-26 16:53:41,877 views 68963 6179713024 Dice page accessed 2
INFO 2024-04-26 16:53:41,878 basehttp 68963 6179713024 "GET /random/dice/ HTTP/1.1" 200 10
INFO 2024-04-26 16:53:42,031 views 68963 6179713024 Dice page accessed 1
INFO 2024-04-26 16:53:42,033 basehttp 68963 6179713024 "GET /random/dice/ HTTP/1.1" 200 10
INFO 2024-04-26 16:53:42,204 views 68963 6179713024 Dice page accessed 2
INFO 2024-04-26 16:53:42,205 basehttp 68963 6179713024 "GET /random/dice/ HTTP/1.1" 200 10
INFO 2024-04-26 16:53:50,172 views 68963 6179713024 Dice page accessed 5
INFO 2024-04-26 16:53:50,172 basehttp 68963 6179713024 "GET /random/dice/ HTTP/1.1" 200 10
INFO 2024-04-26 16:53:50,271 autoreload 68963 8302721728 /Users/ainurshamsutdinov/Projects/geekbrains/django/1-seminar-django/seminar/randomapp/views.py changed, reloading.
INFO 2024-04-26 16:53:50,435 autoreload 68978 8302721728 Watching for file changes with StatReloader
INFO 2024-04-26 16:53:51,053 views 68978 6158282752 Dice page accessed 6
INFO 2024-04-26 16:53:51,055 basehttp 68978 6158282752 "GET /random/dice/ HTTP/1.1" 200 10
INFO 2024-04-26 16:53:51,231 views 68978 6158282752 Dice page accessed 6
INFO 2024-04-26 16:53:51,232 basehttp 68978 6158282752 "GET /random/dice/ HTTP/1.1" 200 10
INFO 2024-04-26 16:53:51,663 views 68978 6158282752 Dice page accessed 2
INFO 2024-04-26 16:53:51,663 basehttp 68978 6158282752 "GET /random/dice/ HTTP/1.1" 200 10
INFO 2024-04-26 16:53:51,850 views 68978 6158282752 Dice page accessed 3
INFO 2024-04-26 16:53:51,850 basehttp 68978 6158282752 "GET /random/dice/ HTTP/1.1" 200 10
INFO 2024-04-26 16:53:52,024 views 68978 6158282752 Dice page accessed 6
INFO 2024-04-26 16:53:52,025 basehttp 68978 6158282752 "GET /random/dice/ HTTP/1.1" 200 10
INFO 2024-04-26 16:53:52,206 views 68978 6158282752 Dice page accessed 6
INFO 2024-04-26 16:53:52,207 basehttp 68978 6158282752 "GET /random/dice/ HTTP/1.1" 200 10
INFO 2024-04-26 16:53:52,371 views 68978 6158282752 Dice page accessed 4
INFO 2024-04-26 16:53:52,372 basehttp 68978 6158282752 "GET /random/dice/ HTTP/1.1" 200 10
INFO 2024-04-26 16:53:52,532 views 68978 6158282752 Dice page accessed 6
INFO 2024-04-26 16:53:52,532 basehttp 68978 6158282752 "GET /random/dice/ HTTP/1.1" 200 10
INFO 2024-04-26 16:53:52,711 views 68978 6158282752 Dice page accessed 4
INFO 2024-04-26 16:53:52,712 basehttp 68978 6158282752 "GET /random/dice/ HTTP/1.1" 200 10
INFO 2024-04-26 16:53:52,877 views 68978 6158282752 Dice page accessed 3
INFO 2024-04-26 16:53:52,878 basehttp 68978 6158282752 "GET /random/dice/ HTTP/1.1" 200 10
INFO 2024-04-26 16:53:53,048 views 68978 6158282752 Dice page accessed 3
INFO 2024-04-26 16:53:53,049 basehttp 68978 6158282752 "GET /random/dice/ HTTP/1.1" 200 10
INFO 2024-04-26 16:53:53,216 views 68978 6158282752 Dice page accessed 5
INFO 2024-04-26 16:53:53,217 basehttp 68978 6158282752 "GET /random/dice/ HTTP/1.1" 200 10
INFO 2024-04-26 16:53:53,358 views 68978 6158282752 Dice page accessed 5
INFO 2024-04-26 16:53:53,358 basehttp 68978 6158282752 "GET /random/dice/ HTTP/1.1" 200 10
INFO 2024-04-26 16:53:53,668 views 68978 6158282752 Dice page accessed 3
INFO 2024-04-26 16:53:53,669 basehttp 68978 6158282752 "GET /random/dice/ HTTP/1.1" 200 10
INFO 2024-04-26 16:53:59,101 views 68978 6158282752 Dice page accessed 3
INFO 2024-04-26 16:53:59,101 basehttp 68978 6158282752 "GET /random/dice/ HTTP/1.1" 200 10
INFO 2024-04-26 16:53:59,485 views 68978 6158282752 Dice page accessed 5
INFO 2024-04-26 16:53:59,486 basehttp 68978 6158282752 "GET /random/dice/ HTTP/1.1" 200 10
INFO 2024-04-26 16:53:59,632 autoreload 68978 8302721728 /Users/ainurshamsutdinov/Projects/geekbrains/django/1-seminar-django/seminar/randomapp/views.py changed, reloading.
INFO 2024-04-26 16:53:59,821 autoreload 68983 8302721728 Watching for file changes with StatReloader
INFO 2024-04-26 16:54:00,095 views 68983 6131855360 Dice page accessed 4
INFO 2024-04-26 16:54:00,096 basehttp 68983 6131855360 "GET /random/dice/ HTTP/1.1" 200 10
INFO 2024-04-26 16:54:00,278 views 68983 6131855360 Dice page accessed 1
INFO 2024-04-26 16:54:00,279 basehttp 68983 6131855360 "GET /random/dice/ HTTP/1.1" 200 10
INFO 2024-04-26 16:54:00,434 views 68983 6131855360 Dice page accessed 2
INFO 2024-04-26 16:54:00,434 basehttp 68983 6131855360 "GET /random/dice/ HTTP/1.1" 200 10
INFO 2024-04-26 16:54:00,621 views 68983 6131855360 Dice page accessed 2
INFO 2024-04-26 16:54:00,622 basehttp 68983 6131855360 "GET /random/dice/ HTTP/1.1" 200 10
INFO 2024-04-26 16:54:00,787 views 68983 6131855360 Dice page accessed 1
INFO 2024-04-26 16:54:00,788 basehttp 68983 6131855360 "GET /random/dice/ HTTP/1.1" 200 10
INFO 2024-04-26 16:54:00,954 views 68983 6131855360 Dice page accessed 5
INFO 2024-04-26 16:54:00,954 basehttp 68983 6131855360 "GET /random/dice/ HTTP/1.1" 200 10
INFO 2024-04-26 16:54:01,273 views 68983 6131855360 Dice page accessed 5
INFO 2024-04-26 16:54:01,273 basehttp 68983 6131855360 "GET /random/dice/ HTTP/1.1" 200 10
INFO 2024-04-26 16:54:01,600 views 68983 6131855360 Dice page accessed 3
INFO 2024-04-26 16:54:01,600 basehttp 68983 6131855360 "GET /random/dice/ HTTP/1.1" 200 10
INFO 2024-04-26 16:54:13,788 views 68983 6131855360 Random from 0 to 100 is 60
INFO 2024-04-26 16:54:13,788 basehttp 68983 6131855360 "GET /random/random/ HTTP/1.1" 200 36
INFO 2024-04-26 16:54:16,200 views 68983 6131855360 Random from 0 to 100 is 61
INFO 2024-04-26 16:54:16,201 basehttp 68983 6131855360 "GET /random/random/ HTTP/1.1" 200 36
INFO 2024-04-26 16:54:16,617 views 68983 6131855360 Random from 0 to 100 is 2
INFO 2024-04-26 16:54:16,618 basehttp 68983 6131855360 "GET /random/random/ HTTP/1.1" 200 35
INFO 2024-04-26 16:54:16,851 views 68983 6131855360 Random from 0 to 100 is 34
INFO 2024-04-26 16:54:16,852 basehttp 68983 6131855360 "GET /random/random/ HTTP/1.1" 200 36
INFO 2024-04-26 16:54:17,056 views 68983 6131855360 Random from 0 to 100 is 73
INFO 2024-04-26 16:54:17,057 basehttp 68983 6131855360 "GET /random/random/ HTTP/1.1" 200 36
INFO 2024-04-26 16:54:17,246 views 68983 6131855360 Random from 0 to 100 is 98
INFO 2024-04-26 16:54:17,247 basehttp 68983 6131855360 "GET /random/random/ HTTP/1.1" 200 36
INFO 2024-04-26 16:54:17,438 views 68983 6131855360 Random from 0 to 100 is 50
INFO 2024-04-26 16:54:17,438 basehttp 68983 6131855360 "GET /random/random/ HTTP/1.1" 200 36
INFO 2024-04-26 16:54:17,634 views 68983 6131855360 Random from 0 to 100 is 17
INFO 2024-04-26 16:54:17,635 basehttp 68983 6131855360 "GET /random/random/ HTTP/1.1" 200 36
INFO 2024-04-26 16:54:17,783 views 68983 6131855360 Random from 0 to 100 is 74
INFO 2024-04-26 16:54:17,784 basehttp 68983 6131855360 "GET /random/random/ HTTP/1.1" 200 36
INFO 2024-04-26 16:54:17,967 views 68983 6131855360 Random from 0 to 100 is 94
INFO 2024-04-26 16:54:17,968 basehttp 68983 6131855360 "GET /random/random/ HTTP/1.1" 200 36
INFO 2024-04-26 16:54:18,170 views 68983 6131855360 Random from 0 to 100 is 58
INFO 2024-04-26 16:54:18,170 basehttp 68983 6131855360 "GET /random/random/ HTTP/1.1" 200 36
INFO 2024-04-26 16:54:18,350 views 68983 6131855360 Random from 0 to 100 is 17
INFO 2024-04-26 16:54:18,350 basehttp 68983 6131855360 "GET /random/random/ HTTP/1.1" 200 36
INFO 2024-04-26 16:54:18,529 views 68983 6131855360 Random from 0 to 100 is 54
INFO 2024-04-26 16:54:18,530 basehttp 68983 6131855360 "GET /random/random/ HTTP/1.1" 200 36
INFO 2024-04-26 16:54:18,697 views 68983 6131855360 Random from 0 to 100 is 3
INFO 2024-04-26 16:54:18,698 basehttp 68983 6131855360 "GET /random/random/ HTTP/1.1" 200 35
INFO 2024-04-26 16:54:18,877 views 68983 6131855360 Random from 0 to 100 is 72
INFO 2024-04-26 16:54:18,878 basehttp 68983 6131855360 "GET /random/random/ HTTP/1.1" 200 36
INFO 2024-04-26 16:54:19,058 views 68983 6131855360 Random from 0 to 100 is 45
INFO 2024-04-26 16:54:19,059 basehttp 68983 6131855360 "GET /random/random/ HTTP/1.1" 200 36
INFO 2024-04-26 16:54:19,238 views 68983 6131855360 Random from 0 to 100 is 10
INFO 2024-04-26 16:54:19,238 basehttp 68983 6131855360 "GET /random/random/ HTTP/1.1" 200 36
INFO 2024-04-26 16:54:19,588 views 68983 6131855360 Random from 0 to 100 is 81
INFO 2024-04-26 16:54:19,589 basehttp 68983 6131855360 "GET /random/random/ HTTP/1.1" 200 36
INFO 2024-04-26 16:54:19,780 views 68983 6131855360 Random from 0 to 100 is 40
INFO 2024-04-26 16:54:19,780 basehttp 68983 6131855360 "GET /random/random/ HTTP/1.1" 200 36
INFO 2024-04-26 16:54:19,967 views 68983 6131855360 Random from 0 to 100 is 47
INFO 2024-04-26 16:54:19,967 basehttp 68983 6131855360 "GET /random/random/ HTTP/1.1" 200 36
INFO 2024-04-26 16:54:20,158 views 68983 6131855360 Random from 0 to 100 is 41
INFO 2024-04-26 16:54:20,158 basehttp 68983 6131855360 "GET /random/random/ HTTP/1.1" 200 36
INFO 2024-04-26 16:54:20,325 views 68983 6131855360 Random from 0 to 100 is 16
INFO 2024-04-26 16:54:20,326 basehttp 68983 6131855360 "GET /random/random/ HTTP/1.1" 200 36
INFO 2024-04-26 16:54:20,511 views 68983 6131855360 Random from 0 to 100 is 4
INFO 2024-04-26 16:54:20,512 basehttp 68983 6131855360 "GET /random/random/ HTTP/1.1" 200 35
INFO 2024-04-26 16:54:20,688 views 68983 6131855360 Random from 0 to 100 is 0
INFO 2024-04-26 16:54:20,689 basehttp 68983 6131855360 "GET /random/random/ HTTP/1.1" 200 35
INFO 2024-04-26 16:54:20,881 views 68983 6131855360 Random from 0 to 100 is 22
INFO 2024-04-26 16:54:20,882 basehttp 68983 6131855360 "GET /random/random/ HTTP/1.1" 200 36
INFO 2024-04-26 16:54:21,050 views 68983 6131855360 Random from 0 to 100 is 35
INFO 2024-04-26 16:54:21,051 basehttp 68983 6131855360 "GET /random/random/ HTTP/1.1" 200 36
INFO 2024-04-26 16:54:21,241 views 68983 6131855360 Random from 0 to 100 is 61
INFO 2024-04-26 16:54:21,242 basehttp 68983 6131855360 "GET /random/random/ HTTP/1.1" 200 36
INFO 2024-04-26 16:54:21,432 views 68983 6131855360 Random from 0 to 100 is 94
INFO 2024-04-26 16:54:21,432 basehttp 68983 6131855360 "GET /random/random/ HTTP/1.1" 200 36
INFO 2024-04-26 16:54:21,646 views 68983 6131855360 Random from 0 to 100 is 91
INFO 2024-04-26 16:54:21,647 basehttp 68983 6131855360 "GET /random/random/ HTTP/1.1" 200 36
INFO 2024-04-26 16:54:21,835 views 68983 6131855360 Random from 0 to 100 is 18
INFO 2024-04-26 16:54:21,836 basehttp 68983 6131855360 "GET /random/random/ HTTP/1.1" 200 36
INFO 2024-04-26 16:54:22,039 views 68983 6131855360 Random from 0 to 100 is 77
INFO 2024-04-26 16:54:22,039 basehttp 68983 6131855360 "GET /random/random/ HTTP/1.1" 200 36
INFO 2024-04-26 16:54:22,254 views 68983 6131855360 Random from 0 to 100 is 87
INFO 2024-04-26 16:54:22,255 basehttp 68983 6131855360 "GET /random/random/ HTTP/1.1" 200 36
INFO 2024-04-26 16:54:22,446 views 68983 6131855360 Random from 0 to 100 is 35
INFO 2024-04-26 16:54:22,447 basehttp 68983 6131855360 "GET /random/random/ HTTP/1.1" 200 36
INFO 2024-04-26 16:54:22,626 views 68983 6131855360 Random from 0 to 100 is 75
INFO 2024-04-26 16:54:22,627 basehttp 68983 6131855360 "GET /random/random/ HTTP/1.1" 200 36
INFO 2024-04-26 17:08:53,255 views 68983 6131855360 Head or tails page accessed
INFO 2024-04-26 17:08:53,256 basehttp 68983 6131855360 "GET /random/headtail/ HTTP/1.1" 200 5
INFO 2024-04-26 17:08:55,506 views 68983 6131855360 Head or tails page accessed
INFO 2024-04-26 17:08:55,507 basehttp 68983 6131855360 "GET /random/headtail/ HTTP/1.1" 200 5
INFO 2024-04-26 17:08:57,813 views 68983 6131855360 Head or tails page accessed
INFO 2024-04-26 17:08:57,813 basehttp 68983 6131855360 "GET /random/headtail/ HTTP/1.1" 200 5
INFO 2024-04-26 17:08:58,261 views 68983 6131855360 Head or tails page accessed
INFO 2024-04-26 17:08:58,262 basehttp 68983 6131855360 "GET /random/headtail/ HTTP/1.1" 200 5
INFO 2024-04-26 17:08:58,678 views 68983 6131855360 Head or tails page accessed
INFO 2024-04-26 17:08:58,678 basehttp 68983 6131855360 "GET /random/headtail/ HTTP/1.1" 200 5
INFO 2024-04-26 17:08:59,119 views 68983 6131855360 Head or tails page accessed
INFO 2024-04-26 17:08:59,120 basehttp 68983 6131855360 "GET /random/headtail/ HTTP/1.1" 200 5
INFO 2024-04-26 17:08:59,420 views 68983 6131855360 Head or tails page accessed
INFO 2024-04-26 17:08:59,421 basehttp 68983 6131855360 "GET /random/headtail/ HTTP/1.1" 200 5
INFO 2024-04-26 17:08:59,680 views 68983 6131855360 Head or tails page accessed
INFO 2024-04-26 17:08:59,680 basehttp 68983 6131855360 "GET /random/headtail/ HTTP/1.1" 200 5
INFO 2024-04-26 17:08:59,869 views 68983 6131855360 Head or tails page accessed
INFO 2024-04-26 17:08:59,870 basehttp 68983 6131855360 "GET /random/headtail/ HTTP/1.1" 200 5
INFO 2024-04-26 17:09:00,048 views 68983 6131855360 Head or tails page accessed
INFO 2024-04-26 17:09:00,048 basehttp 68983 6131855360 "GET /random/headtail/ HTTP/1.1" 200 5
INFO 2024-04-26 17:09:00,217 views 68983 6131855360 Head or tails page accessed
INFO 2024-04-26 17:09:00,218 basehttp 68983 6131855360 "GET /random/headtail/ HTTP/1.1" 200 5
INFO 2024-04-26 17:09:00,377 views 68983 6131855360 Head or tails page accessed
INFO 2024-04-26 17:09:00,377 basehttp 68983 6131855360 "GET /random/headtail/ HTTP/1.1" 200 5
INFO 2024-04-26 17:09:09,992 autoreload 68983 8302721728 /Users/ainurshamsutdinov/Projects/geekbrains/django/1-seminar-django/seminar/randomapp/views.py changed, reloading.
INFO 2024-04-26 17:09:10,176 autoreload 69037 8302721728 Watching for file changes with StatReloader
INFO 2024-04-26 17:09:10,741 views 69037 6161166336 Head or tails page accessed
INFO 2024-04-26 17:09:10,742 basehttp 69037 6161166336 "GET /random/headtail/ HTTP/1.1" 200 5
INFO 2024-04-26 17:09:11,299 views 69037 6161166336 Head or tails page accessed
INFO 2024-04-26 17:09:11,299 basehttp 69037 6161166336 "GET /random/headtail/ HTTP/1.1" 200 5
INFO 2024-04-26 17:09:11,867 views 69037 6161166336 Head or tails page accessed
INFO 2024-04-26 17:09:11,867 basehttp 69037 6161166336 "GET /random/headtail/ HTTP/1.1" 200 5
INFO 2024-04-26 17:09:12,179 views 69037 6161166336 Head or tails page accessed
INFO 2024-04-26 17:09:12,180 basehttp 69037 6161166336 "GET /random/headtail/ HTTP/1.1" 200 5
INFO 2024-04-26 17:09:12,492 views 69037 6161166336 Head or tails page accessed
INFO 2024-04-26 17:09:12,493 basehttp 69037 6161166336 "GET /random/headtail/ HTTP/1.1" 200 5
INFO 2024-04-26 17:09:12,695 views 69037 6161166336 Head or tails page accessed
INFO 2024-04-26 17:09:12,695 basehttp 69037 6161166336 "GET /random/headtail/ HTTP/1.1" 200 5
INFO 2024-04-26 17:09:12,896 views 69037 6161166336 Head or tails page accessed
INFO 2024-04-26 17:09:12,896 basehttp 69037 6161166336 "GET /random/headtail/ HTTP/1.1" 200 5
INFO 2024-04-26 17:09:13,092 views 69037 6161166336 Head or tails page accessed
INFO 2024-04-26 17:09:13,093 basehttp 69037 6161166336 "GET /random/headtail/ HTTP/1.1" 200 5
INFO 2024-04-26 17:09:13,267 views 69037 6161166336 Head or tails page accessed
INFO 2024-04-26 17:09:13,268 basehttp 69037 6161166336 "GET /random/headtail/ HTTP/1.1" 200 5
INFO 2024-04-26 17:09:13,460 views 69037 6161166336 Head or tails page accessed
INFO 2024-04-26 17:09:13,461 basehttp 69037 6161166336 "GET /random/headtail/ HTTP/1.1" 200 5
INFO 2024-04-26 17:09:13,662 views 69037 6161166336 Head or tails page accessed
INFO 2024-04-26 17:09:13,663 basehttp 69037 6161166336 "GET /random/headtail/ HTTP/1.1" 200 5
INFO 2024-04-26 17:09:13,875 views 69037 6161166336 Head or tails page accessed
INFO 2024-04-26 17:09:13,876 basehttp 69037 6161166336 "GET /random/headtail/ HTTP/1.1" 200 5
INFO 2024-04-26 17:09:14,045 views 69037 6161166336 Head or tails page accessed
INFO 2024-04-26 17:09:14,045 basehttp 69037 6161166336 "GET /random/headtail/ HTTP/1.1" 200 5
INFO 2024-04-26 17:09:14,247 views 69037 6161166336 Head or tails page accessed
INFO 2024-04-26 17:09:14,248 basehttp 69037 6161166336 "GET /random/headtail/ HTTP/1.1" 200 5
INFO 2024-04-26 17:11:17,674 autoreload 69037 8302721728 /Users/ainurshamsutdinov/Projects/geekbrains/django/1-seminar-django/seminar/randomapp/views.py changed, reloading.
INFO 2024-04-26 17:11:17,843 autoreload 69053 8302721728 Watching for file changes with StatReloader
INFO 2024-04-26 17:11:20,902 views 69053 6189494272 Head or tails page accessed Tails
ERROR 2024-04-26 17:11:20,944 log 69053 6189494272 Internal Server Error: /random/headtail/
Traceback (most recent call last):
  File "/Users/ainurshamsutdinov/Projects/geekbrains/django/1-seminar-django/.venv/lib/python3.12/site-packages/django/core/handlers/exception.py", line 55, in inner
    response = get_response(request)
               ^^^^^^^^^^^^^^^^^^^^^
  File "/Users/ainurshamsutdinov/Projects/geekbrains/django/1-seminar-django/.venv/lib/python3.12/site-packages/django/utils/deprecation.py", line 136, in __call__
    response = self.process_response(request, response)
               ^^^^^^^^^^^^^^^^^^^^^^^^^^^^^^^^^^^^^^^^
  File "/Users/ainurshamsutdinov/Projects/geekbrains/django/1-seminar-django/.venv/lib/python3.12/site-packages/django/middleware/clickjacking.py", line 27, in process_response
    if response.get("X-Frame-Options") is not None:
       ^^^^^^^^^^^^
AttributeError: 'str' object has no attribute 'get'
ERROR 2024-04-26 17:11:20,945 basehttp 69053 6189494272 "GET /random/headtail/ HTTP/1.1" 500 61426
INFO 2024-04-26 17:12:00,406 autoreload 69053 8302721728 /Users/ainurshamsutdinov/Projects/geekbrains/django/1-seminar-django/seminar/randomapp/views.py changed, reloading.
INFO 2024-04-26 17:12:00,561 autoreload 69063 8302721728 Watching for file changes with StatReloader
INFO 2024-04-26 17:12:02,489 views 69063 6128365568 Head or tails page accessed Tails
INFO 2024-04-26 17:12:02,490 basehttp 69063 6128365568 "GET /random/headtail/ HTTP/1.1" 200 21
INFO 2024-04-26 17:12:04,617 views 69063 6128365568 Head or tails page accessed Heads
INFO 2024-04-26 17:12:04,617 basehttp 69063 6128365568 "GET /random/headtail/ HTTP/1.1" 200 21
INFO 2024-04-26 17:12:05,293 views 69063 6128365568 Head or tails page accessed Heads
INFO 2024-04-26 17:12:05,294 basehttp 69063 6128365568 "GET /random/headtail/ HTTP/1.1" 200 21
INFO 2024-04-26 17:13:56,778 views 69063 6145191936 Dice page accessed 3
INFO 2024-04-26 17:13:56,779 basehttp 69063 6145191936 "GET /random/dice/ HTTP/1.1" 200 10
INFO 2024-04-26 17:14:07,415 views 69063 6145191936 Head or tails page accessed Heads
INFO 2024-04-26 17:14:07,416 basehttp 69063 6145191936 "GET /random/headtail/ HTTP/1.1" 200 21
INFO 2024-04-26 17:14:17,274 basehttp 69063 6145191936 - Broken pipe from ('192.168.1.6', 56370)
INFO 2024-04-26 17:21:16,197 autoreload 69063 8302721728 /Users/ainurshamsutdinov/Projects/geekbrains/django/1-seminar-django/seminar/randomapp/views.py changed, reloading.
INFO 2024-04-26 17:21:16,371 autoreload 69089 8302721728 Watching for file changes with StatReloader
INFO 2024-04-26 17:27:27,234 autoreload 69089 8302721728 /Users/ainurshamsutdinov/Projects/geekbrains/django/1-seminar-django/seminar/randomapp/views.py changed, reloading.
INFO 2024-04-26 17:27:27,376 autoreload 69123 8302721728 Watching for file changes with StatReloader
INFO 2024-04-26 17:34:23,260 autoreload 69162 8302721728 Watching for file changes with StatReloader
INFO 2024-04-26 17:34:37,434 autoreload 69162 8302721728 /Users/ainurshamsutdinov/Projects/geekbrains/django/1-seminar-django/seminar/randomapp/views.py changed, reloading.
INFO 2024-04-26 17:34:37,593 autoreload 69167 8302721728 Watching for file changes with StatReloader
INFO 2024-04-26 17:34:52,787 autoreload 69167 8302721728 /Users/ainurshamsutdinov/Projects/geekbrains/django/1-seminar-django/seminar/randomapp/views.py changed, reloading.
INFO 2024-04-26 17:34:52,971 autoreload 69173 8302721728 Watching for file changes with StatReloader
INFO 2024-04-26 17:36:56,421 autoreload 69173 8302721728 /Users/ainurshamsutdinov/Projects/geekbrains/django/1-seminar-django/seminar/randomapp/views.py changed, reloading.
INFO 2024-04-26 17:36:56,583 autoreload 69192 8302721728 Watching for file changes with StatReloader
INFO 2024-04-26 17:38:50,015 autoreload 69192 8302721728 /Users/ainurshamsutdinov/Projects/geekbrains/django/1-seminar-django/seminar/randomapp/views.py changed, reloading.
INFO 2024-04-26 17:38:50,176 autoreload 69218 8302721728 Watching for file changes with StatReloader
INFO 2024-04-26 17:39:32,720 autoreload 69218 8302721728 /Users/ainurshamsutdinov/Projects/geekbrains/django/1-seminar-django/seminar/seminar/urls.py changed, reloading.
INFO 2024-04-26 17:39:32,876 autoreload 69231 8302721728 Watching for file changes with StatReloader
WARNING 2024-04-26 17:39:53,587 log 69231 6192148480 Not Found: /random/about/
WARNING 2024-04-26 17:39:53,588 basehttp 69231 6192148480 "GET /random/about/ HTTP/1.1" 404 3094
INFO 2024-04-26 17:40:49,912 autoreload 69231 8302721728 /Users/ainurshamsutdinov/Projects/geekbrains/django/1-seminar-django/seminar/seminar/urls.py changed, reloading.
INFO 2024-04-26 17:40:50,068 autoreload 69256 8302721728 Watching for file changes with StatReloader
ERROR 2024-04-26 17:40:54,106 log 69256 6163771392 Internal Server Error: /random/about/
Traceback (most recent call last):
  File "/Users/ainurshamsutdinov/Projects/geekbrains/django/1-seminar-django/.venv/lib/python3.12/site-packages/django/core/handlers/exception.py", line 55, in inner
    response = get_response(request)
               ^^^^^^^^^^^^^^^^^^^^^
  File "/Users/ainurshamsutdinov/Projects/geekbrains/django/1-seminar-django/.venv/lib/python3.12/site-packages/django/core/handlers/base.py", line 197, in _get_response
    response = wrapped_callback(request, *callback_args, **callback_kwargs)
               ^^^^^^^^^^^^^^^^^^^^^^^^^^^^^^^^^^^^^^^^^^^^^^^^^^^^^^^^^^^^
  File "/Users/ainurshamsutdinov/Projects/geekbrains/django/1-seminar-django/seminar/randomapp/views.py", line 37, in about
    return render(request, "polls/index.html", context)
           ^^^^^^^^^^^^^^^^^^^^^^^^^^^^^^^^^^^^^^^^^^^^
  File "/Users/ainurshamsutdinov/Projects/geekbrains/django/1-seminar-django/.venv/lib/python3.12/site-packages/django/shortcuts.py", line 25, in render
    content = loader.render_to_string(template_name, context, request, using=using)
              ^^^^^^^^^^^^^^^^^^^^^^^^^^^^^^^^^^^^^^^^^^^^^^^^^^^^^^^^^^^^^^^^^^^^^
  File "/Users/ainurshamsutdinov/Projects/geekbrains/django/1-seminar-django/.venv/lib/python3.12/site-packages/django/template/loader.py", line 61, in render_to_string
    template = get_template(template_name, using=using)
               ^^^^^^^^^^^^^^^^^^^^^^^^^^^^^^^^^^^^^^^^
  File "/Users/ainurshamsutdinov/Projects/geekbrains/django/1-seminar-django/.venv/lib/python3.12/site-packages/django/template/loader.py", line 19, in get_template
    raise TemplateDoesNotExist(template_name, chain=chain)
django.template.exceptions.TemplateDoesNotExist: polls/index.html
ERROR 2024-04-26 17:40:54,107 basehttp 69256 6163771392 "GET /random/about/ HTTP/1.1" 500 76485
INFO 2024-04-26 17:41:21,500 autoreload 69256 8302721728 /Users/ainurshamsutdinov/Projects/geekbrains/django/1-seminar-django/seminar/randomapp/views.py changed, reloading.
INFO 2024-04-26 17:41:21,637 autoreload 69266 8302721728 Watching for file changes with StatReloader
INFO 2024-04-26 17:41:33,411 autoreload 69269 8302721728 Watching for file changes with StatReloader
INFO 2024-04-26 17:41:36,216 basehttp 69269 6126989312 "GET /random/about/ HTTP/1.1" 200 853
INFO 2024-04-26 17:41:36,901 basehttp 69269 6126989312 "GET /random/about/ HTTP/1.1" 200 853
INFO 2024-04-26 17:42:21,036 autoreload 69269 8302721728 /Users/ainurshamsutdinov/Projects/geekbrains/django/1-seminar-django/seminar/randomapp/views.py changed, reloading.
INFO 2024-04-26 17:42:21,194 autoreload 69283 8302721728 Watching for file changes with StatReloader
INFO 2024-04-26 17:42:29,702 autoreload 69287 8302721728 Watching for file changes with StatReloader
INFO 2024-04-26 17:42:32,526 basehttp 69287 6131789824 "GET /random/about/ HTTP/1.1" 200 36
INFO 2024-04-26 17:43:27,475 autoreload 69294 8302721728 Watching for file changes with StatReloader
INFO 2024-04-26 17:43:29,448 basehttp 69294 6204141568 "GET /random/about/ HTTP/1.1" 200 36
INFO 2024-04-26 17:43:30,224 basehttp 69294 6204141568 "GET /random/about/ HTTP/1.1" 200 36
INFO 2024-04-26 17:43:35,893 basehttp 69294 6204141568 "GET /random/about/ HTTP/1.1" 200 36
INFO 2024-04-26 17:44:00,189 basehttp 69294 6204141568 "GET /random/about/ HTTP/1.1" 200 36
INFO 2024-04-26 17:44:00,855 basehttp 69294 6204141568 "GET /random/about/ HTTP/1.1" 200 36
INFO 2024-04-26 17:44:01,295 basehttp 69294 6204141568 "GET /random/about/ HTTP/1.1" 200 36
INFO 2024-04-26 17:44:05,916 autoreload 69299 8302721728 Watching for file changes with StatReloader
INFO 2024-04-26 17:44:09,569 basehttp 69299 6136475648 "GET /random/about/ HTTP/1.1" 200 36
INFO 2024-04-26 17:44:12,849 basehttp 69299 6136475648 "GET /random/about/ HTTP/1.1" 200 36
INFO 2024-04-26 17:45:06,692 autoreload 69299 8302721728 /Users/ainurshamsutdinov/Projects/geekbrains/django/1-seminar-django/seminar/randomapp/views.py changed, reloading.
INFO 2024-04-26 17:45:06,858 autoreload 69314 8302721728 Watching for file changes with StatReloader
INFO 2024-04-26 17:45:08,631 autoreload 69318 8302721728 Watching for file changes with StatReloader
INFO 2024-04-26 17:45:10,669 basehttp 69318 6165377024 "GET /random/about/ HTTP/1.1" 200 103
INFO 2024-04-26 22:00:23,593 autoreload 69318 8302721728 /Users/ainurshamsutdinov/Projects/geekbrains/django/1-seminar-django/seminar/randomapp/views.py changed, reloading.
INFO 2024-04-26 22:00:23,829 autoreload 70472 8302721728 Watching for file changes with StatReloader
INFO 2024-04-26 22:02:09,108 autoreload 70472 8302721728 /Users/ainurshamsutdinov/Projects/geekbrains/django/1-seminar-django/seminar/randomapp/views.py changed, reloading.
INFO 2024-04-26 22:02:09,274 autoreload 70491 8302721728 Watching for file changes with StatReloader
INFO 2024-04-26 22:02:14,894 basehttp 70491 6134132736 "GET /random/about/ HTTP/1.1" 200 112
INFO 2024-04-26 22:03:44,781 basehttp 70491 6134132736 "GET /random/about/ HTTP/1.1" 200 262
WARNING 2024-04-26 22:03:46,466 log 70491 6134132736 Not Found: /http://localhost:8000/headtail/
WARNING 2024-04-26 22:03:46,467 basehttp 70491 6134132736 "GET /http://localhost:8000/headtail/ HTTP/1.1" 404 2610
WARNING 2024-04-26 22:04:08,799 log 70491 6134132736 Not Found: /http://localhost:8000/headtail/
WARNING 2024-04-26 22:04:08,799 basehttp 70491 6134132736 "GET /http://localhost:8000/headtail/ HTTP/1.1" 404 2610
WARNING 2024-04-26 22:04:09,966 log 70491 6134132736 Not Found: /http://localhost:8000/headtail/
WARNING 2024-04-26 22:04:09,966 basehttp 70491 6134132736 "GET /http://localhost:8000/headtail/ HTTP/1.1" 404 2610
WARNING 2024-04-26 22:04:13,922 log 70491 6134132736 Not Found: /http://localhost:8000/headtail/
WARNING 2024-04-26 22:04:13,922 basehttp 70491 6134132736 "GET /http://localhost:8000/headtail/ HTTP/1.1" 404 2610
INFO 2024-04-26 22:04:27,664 autoreload 70516 8302721728 Watching for file changes with StatReloader
WARNING 2024-04-26 22:04:30,762 log 70516 6136770560 Not Found: /http://localhost:8000/headtail/
WARNING 2024-04-26 22:04:30,763 basehttp 70516 6136770560 "GET /http://localhost:8000/headtail/ HTTP/1.1" 404 2610
WARNING 2024-04-26 22:04:34,697 log 70516 6136770560 Not Found: /http://localhost:8000/headtail/
WARNING 2024-04-26 22:04:34,698 basehttp 70516 6136770560 "GET /http://localhost:8000/headtail/ HTTP/1.1" 404 2610
INFO 2024-04-26 22:06:05,509 autoreload 70528 8302721728 Watching for file changes with StatReloader
WARNING 2024-04-26 22:06:10,732 log 70528 6170669056 Not Found: /http://localhost:8000/headtail/
WARNING 2024-04-26 22:06:10,732 basehttp 70528 6170669056 "GET /http://localhost:8000/headtail/ HTTP/1.1" 404 2610
INFO 2024-04-26 22:08:25,534 basehttp 70528 6170669056 "GET /random/about/ HTTP/1.1" 200 202
INFO 2024-04-26 22:08:27,408 views 70528 6170669056 Head or tails page accessed Tails
INFO 2024-04-26 22:08:27,409 basehttp 70528 6170669056 "GET /random/headtail/ HTTP/1.1" 200 21
INFO 2024-04-26 22:08:30,479 views 70528 6170669056 Dice page accessed 1
INFO 2024-04-26 22:08:30,480 basehttp 70528 6170669056 "GET /random/dice/ HTTP/1.1" 200 10
INFO 2024-04-26 22:08:32,469 views 70528 6170669056 Random from 0 to 100 is 67
INFO 2024-04-26 22:08:32,470 basehttp 70528 6170669056 "GET /random/random/ HTTP/1.1" 200 36
INFO 2024-04-26 22:09:37,662 autoreload 70582 8302721728 Watching for file changes with StatReloader
INFO 2024-04-26 22:09:59,281 basehttp 70582 6160609280 "GET /random/about/ HTTP/1.1" 200 236
INFO 2024-04-26 22:10:00,759 basehttp 70582 6160609280 "GET /random/about/ HTTP/1.1" 200 236
INFO 2024-04-26 22:10:04,771 autoreload 70587 8302721728 Watching for file changes with StatReloader
INFO 2024-04-26 22:10:07,572 basehttp 70587 6131904512 "GET /random/about/ HTTP/1.1" 200 236
INFO 2024-04-26 22:10:08,891 views 70587 6131904512 Head or tails page accessed Tails
INFO 2024-04-26 22:10:08,892 basehttp 70587 6131904512 "GET /random/headtail/ HTTP/1.1" 200 21
INFO 2024-04-26 22:13:59,522 autoreload 70605 8302721728 Watching for file changes with StatReloader
ERROR 2024-04-26 22:14:05,440 log 70605 6156365824 Internal Server Error: /random/about/
Traceback (most recent call last):
  File "/Users/ainurshamsutdinov/Projects/geekbrains/django/1-seminar-django/.venv/lib/python3.12/site-packages/django/template/backends/django.py", line 61, in render
    return self.template.render(context)
           ^^^^^^^^^^^^^^^^^^^^^^^^^^^^^
  File "/Users/ainurshamsutdinov/Projects/geekbrains/django/1-seminar-django/.venv/lib/python3.12/site-packages/django/template/base.py", line 171, in render
    return self._render(context)
           ^^^^^^^^^^^^^^^^^^^^^
  File "/Users/ainurshamsutdinov/Projects/geekbrains/django/1-seminar-django/.venv/lib/python3.12/site-packages/django/template/base.py", line 163, in _render
    return self.nodelist.render(context)
           ^^^^^^^^^^^^^^^^^^^^^^^^^^^^^
  File "/Users/ainurshamsutdinov/Projects/geekbrains/django/1-seminar-django/.venv/lib/python3.12/site-packages/django/template/base.py", line 1000, in render
    return SafeString("".join([node.render_annotated(context) for node in self]))
                               ^^^^^^^^^^^^^^^^^^^^^^^^^^^^^^
  File "/Users/ainurshamsutdinov/Projects/geekbrains/django/1-seminar-django/.venv/lib/python3.12/site-packages/django/template/base.py", line 961, in render_annotated
    return self.render(context)
           ^^^^^^^^^^^^^^^^^^^^
  File "/Users/ainurshamsutdinov/Projects/geekbrains/django/1-seminar-django/.venv/lib/python3.12/site-packages/django/template/loader_tags.py", line 134, in render
    compiled_parent = self.get_parent(context)
                      ^^^^^^^^^^^^^^^^^^^^^^^^
  File "/Users/ainurshamsutdinov/Projects/geekbrains/django/1-seminar-django/.venv/lib/python3.12/site-packages/django/template/loader_tags.py", line 131, in get_parent
    return self.find_template(parent, context)
           ^^^^^^^^^^^^^^^^^^^^^^^^^^^^^^^^^^^
  File "/Users/ainurshamsutdinov/Projects/geekbrains/django/1-seminar-django/.venv/lib/python3.12/site-packages/django/template/loader_tags.py", line 109, in find_template
    template, origin = context.template.engine.find_template(
                       ^^^^^^^^^^^^^^^^^^^^^^^^^^^^^^^^^^^^^^
  File "/Users/ainurshamsutdinov/Projects/geekbrains/django/1-seminar-django/.venv/lib/python3.12/site-packages/django/template/engine.py", line 163, in find_template
    raise TemplateDoesNotExist(name, tried=tried)
django.template.exceptions.TemplateDoesNotExist: base_generic.html

The above exception was the direct cause of the following exception:

Traceback (most recent call last):
  File "/Users/ainurshamsutdinov/Projects/geekbrains/django/1-seminar-django/.venv/lib/python3.12/site-packages/django/core/handlers/exception.py", line 55, in inner
    response = get_response(request)
               ^^^^^^^^^^^^^^^^^^^^^
  File "/Users/ainurshamsutdinov/Projects/geekbrains/django/1-seminar-django/.venv/lib/python3.12/site-packages/django/core/handlers/base.py", line 197, in _get_response
    response = wrapped_callback(request, *callback_args, **callback_kwargs)
               ^^^^^^^^^^^^^^^^^^^^^^^^^^^^^^^^^^^^^^^^^^^^^^^^^^^^^^^^^^^^
  File "/Users/ainurshamsutdinov/Projects/geekbrains/django/1-seminar-django/seminar/randomapp/views.py", line 41, in about
    return render(request, "randomapp/about.html", context)
           ^^^^^^^^^^^^^^^^^^^^^^^^^^^^^^^^^^^^^^^^^^^^^^^^
  File "/Users/ainurshamsutdinov/Projects/geekbrains/django/1-seminar-django/.venv/lib/python3.12/site-packages/django/shortcuts.py", line 25, in render
    content = loader.render_to_string(template_name, context, request, using=using)
              ^^^^^^^^^^^^^^^^^^^^^^^^^^^^^^^^^^^^^^^^^^^^^^^^^^^^^^^^^^^^^^^^^^^^^
  File "/Users/ainurshamsutdinov/Projects/geekbrains/django/1-seminar-django/.venv/lib/python3.12/site-packages/django/template/loader.py", line 62, in render_to_string
    return template.render(context, request)
           ^^^^^^^^^^^^^^^^^^^^^^^^^^^^^^^^^
  File "/Users/ainurshamsutdinov/Projects/geekbrains/django/1-seminar-django/.venv/lib/python3.12/site-packages/django/template/backends/django.py", line 63, in render
    reraise(exc, self.backend)
  File "/Users/ainurshamsutdinov/Projects/geekbrains/django/1-seminar-django/.venv/lib/python3.12/site-packages/django/template/backends/django.py", line 84, in reraise
    raise new from exc
django.template.exceptions.TemplateDoesNotExist: base_generic.html
ERROR 2024-04-26 22:14:05,443 basehttp 70605 6156365824 "GET /random/about/ HTTP/1.1" 500 122884
INFO 2024-04-26 22:15:16,728 autoreload 70614 8302721728 Watching for file changes with StatReloader
ERROR 2024-04-26 22:15:20,335 log 70614 6157529088 Internal Server Error: /random/about/
Traceback (most recent call last):
  File "/Users/ainurshamsutdinov/Projects/geekbrains/django/1-seminar-django/.venv/lib/python3.12/site-packages/django/template/backends/django.py", line 61, in render
    return self.template.render(context)
           ^^^^^^^^^^^^^^^^^^^^^^^^^^^^^
  File "/Users/ainurshamsutdinov/Projects/geekbrains/django/1-seminar-django/.venv/lib/python3.12/site-packages/django/template/base.py", line 171, in render
    return self._render(context)
           ^^^^^^^^^^^^^^^^^^^^^
  File "/Users/ainurshamsutdinov/Projects/geekbrains/django/1-seminar-django/.venv/lib/python3.12/site-packages/django/template/base.py", line 163, in _render
    return self.nodelist.render(context)
           ^^^^^^^^^^^^^^^^^^^^^^^^^^^^^
  File "/Users/ainurshamsutdinov/Projects/geekbrains/django/1-seminar-django/.venv/lib/python3.12/site-packages/django/template/base.py", line 1000, in render
    return SafeString("".join([node.render_annotated(context) for node in self]))
                               ^^^^^^^^^^^^^^^^^^^^^^^^^^^^^^
  File "/Users/ainurshamsutdinov/Projects/geekbrains/django/1-seminar-django/.venv/lib/python3.12/site-packages/django/template/base.py", line 961, in render_annotated
    return self.render(context)
           ^^^^^^^^^^^^^^^^^^^^
  File "/Users/ainurshamsutdinov/Projects/geekbrains/django/1-seminar-django/.venv/lib/python3.12/site-packages/django/template/loader_tags.py", line 134, in render
    compiled_parent = self.get_parent(context)
                      ^^^^^^^^^^^^^^^^^^^^^^^^
  File "/Users/ainurshamsutdinov/Projects/geekbrains/django/1-seminar-django/.venv/lib/python3.12/site-packages/django/template/loader_tags.py", line 131, in get_parent
    return self.find_template(parent, context)
           ^^^^^^^^^^^^^^^^^^^^^^^^^^^^^^^^^^^
  File "/Users/ainurshamsutdinov/Projects/geekbrains/django/1-seminar-django/.venv/lib/python3.12/site-packages/django/template/loader_tags.py", line 109, in find_template
    template, origin = context.template.engine.find_template(
                       ^^^^^^^^^^^^^^^^^^^^^^^^^^^^^^^^^^^^^^
  File "/Users/ainurshamsutdinov/Projects/geekbrains/django/1-seminar-django/.venv/lib/python3.12/site-packages/django/template/engine.py", line 163, in find_template
    raise TemplateDoesNotExist(name, tried=tried)
django.template.exceptions.TemplateDoesNotExist: base_template.html

The above exception was the direct cause of the following exception:

Traceback (most recent call last):
  File "/Users/ainurshamsutdinov/Projects/geekbrains/django/1-seminar-django/.venv/lib/python3.12/site-packages/django/core/handlers/exception.py", line 55, in inner
    response = get_response(request)
               ^^^^^^^^^^^^^^^^^^^^^
  File "/Users/ainurshamsutdinov/Projects/geekbrains/django/1-seminar-django/.venv/lib/python3.12/site-packages/django/core/handlers/base.py", line 197, in _get_response
    response = wrapped_callback(request, *callback_args, **callback_kwargs)
               ^^^^^^^^^^^^^^^^^^^^^^^^^^^^^^^^^^^^^^^^^^^^^^^^^^^^^^^^^^^^
  File "/Users/ainurshamsutdinov/Projects/geekbrains/django/1-seminar-django/seminar/randomapp/views.py", line 41, in about
    return render(request, "randomapp/about.html", context)
           ^^^^^^^^^^^^^^^^^^^^^^^^^^^^^^^^^^^^^^^^^^^^^^^^
  File "/Users/ainurshamsutdinov/Projects/geekbrains/django/1-seminar-django/.venv/lib/python3.12/site-packages/django/shortcuts.py", line 25, in render
    content = loader.render_to_string(template_name, context, request, using=using)
              ^^^^^^^^^^^^^^^^^^^^^^^^^^^^^^^^^^^^^^^^^^^^^^^^^^^^^^^^^^^^^^^^^^^^^
  File "/Users/ainurshamsutdinov/Projects/geekbrains/django/1-seminar-django/.venv/lib/python3.12/site-packages/django/template/loader.py", line 62, in render_to_string
    return template.render(context, request)
           ^^^^^^^^^^^^^^^^^^^^^^^^^^^^^^^^^
  File "/Users/ainurshamsutdinov/Projects/geekbrains/django/1-seminar-django/.venv/lib/python3.12/site-packages/django/template/backends/django.py", line 63, in render
    reraise(exc, self.backend)
  File "/Users/ainurshamsutdinov/Projects/geekbrains/django/1-seminar-django/.venv/lib/python3.12/site-packages/django/template/backends/django.py", line 84, in reraise
    raise new from exc
django.template.exceptions.TemplateDoesNotExist: base_template.html
ERROR 2024-04-26 22:15:20,337 basehttp 70614 6157529088 "GET /random/about/ HTTP/1.1" 500 122913
ERROR 2024-04-26 22:15:21,141 log 70614 6157529088 Internal Server Error: /random/about/
Traceback (most recent call last):
  File "/Users/ainurshamsutdinov/Projects/geekbrains/django/1-seminar-django/.venv/lib/python3.12/site-packages/django/template/backends/django.py", line 61, in render
    return self.template.render(context)
           ^^^^^^^^^^^^^^^^^^^^^^^^^^^^^
  File "/Users/ainurshamsutdinov/Projects/geekbrains/django/1-seminar-django/.venv/lib/python3.12/site-packages/django/template/base.py", line 171, in render
    return self._render(context)
           ^^^^^^^^^^^^^^^^^^^^^
  File "/Users/ainurshamsutdinov/Projects/geekbrains/django/1-seminar-django/.venv/lib/python3.12/site-packages/django/template/base.py", line 163, in _render
    return self.nodelist.render(context)
           ^^^^^^^^^^^^^^^^^^^^^^^^^^^^^
  File "/Users/ainurshamsutdinov/Projects/geekbrains/django/1-seminar-django/.venv/lib/python3.12/site-packages/django/template/base.py", line 1000, in render
    return SafeString("".join([node.render_annotated(context) for node in self]))
                               ^^^^^^^^^^^^^^^^^^^^^^^^^^^^^^
  File "/Users/ainurshamsutdinov/Projects/geekbrains/django/1-seminar-django/.venv/lib/python3.12/site-packages/django/template/base.py", line 961, in render_annotated
    return self.render(context)
           ^^^^^^^^^^^^^^^^^^^^
  File "/Users/ainurshamsutdinov/Projects/geekbrains/django/1-seminar-django/.venv/lib/python3.12/site-packages/django/template/loader_tags.py", line 134, in render
    compiled_parent = self.get_parent(context)
                      ^^^^^^^^^^^^^^^^^^^^^^^^
  File "/Users/ainurshamsutdinov/Projects/geekbrains/django/1-seminar-django/.venv/lib/python3.12/site-packages/django/template/loader_tags.py", line 131, in get_parent
    return self.find_template(parent, context)
           ^^^^^^^^^^^^^^^^^^^^^^^^^^^^^^^^^^^
  File "/Users/ainurshamsutdinov/Projects/geekbrains/django/1-seminar-django/.venv/lib/python3.12/site-packages/django/template/loader_tags.py", line 109, in find_template
    template, origin = context.template.engine.find_template(
                       ^^^^^^^^^^^^^^^^^^^^^^^^^^^^^^^^^^^^^^
  File "/Users/ainurshamsutdinov/Projects/geekbrains/django/1-seminar-django/.venv/lib/python3.12/site-packages/django/template/engine.py", line 163, in find_template
    raise TemplateDoesNotExist(name, tried=tried)
django.template.exceptions.TemplateDoesNotExist: base_template.html

The above exception was the direct cause of the following exception:

Traceback (most recent call last):
  File "/Users/ainurshamsutdinov/Projects/geekbrains/django/1-seminar-django/.venv/lib/python3.12/site-packages/django/core/handlers/exception.py", line 55, in inner
    response = get_response(request)
               ^^^^^^^^^^^^^^^^^^^^^
  File "/Users/ainurshamsutdinov/Projects/geekbrains/django/1-seminar-django/.venv/lib/python3.12/site-packages/django/core/handlers/base.py", line 197, in _get_response
    response = wrapped_callback(request, *callback_args, **callback_kwargs)
               ^^^^^^^^^^^^^^^^^^^^^^^^^^^^^^^^^^^^^^^^^^^^^^^^^^^^^^^^^^^^
  File "/Users/ainurshamsutdinov/Projects/geekbrains/django/1-seminar-django/seminar/randomapp/views.py", line 41, in about
    return render(request, "randomapp/about.html", context)
           ^^^^^^^^^^^^^^^^^^^^^^^^^^^^^^^^^^^^^^^^^^^^^^^^
  File "/Users/ainurshamsutdinov/Projects/geekbrains/django/1-seminar-django/.venv/lib/python3.12/site-packages/django/shortcuts.py", line 25, in render
    content = loader.render_to_string(template_name, context, request, using=using)
              ^^^^^^^^^^^^^^^^^^^^^^^^^^^^^^^^^^^^^^^^^^^^^^^^^^^^^^^^^^^^^^^^^^^^^
  File "/Users/ainurshamsutdinov/Projects/geekbrains/django/1-seminar-django/.venv/lib/python3.12/site-packages/django/template/loader.py", line 62, in render_to_string
    return template.render(context, request)
           ^^^^^^^^^^^^^^^^^^^^^^^^^^^^^^^^^
  File "/Users/ainurshamsutdinov/Projects/geekbrains/django/1-seminar-django/.venv/lib/python3.12/site-packages/django/template/backends/django.py", line 63, in render
    reraise(exc, self.backend)
  File "/Users/ainurshamsutdinov/Projects/geekbrains/django/1-seminar-django/.venv/lib/python3.12/site-packages/django/template/backends/django.py", line 84, in reraise
    raise new from exc
django.template.exceptions.TemplateDoesNotExist: base_template.html
ERROR 2024-04-26 22:15:21,143 basehttp 70614 6157529088 "GET /random/about/ HTTP/1.1" 500 122913
INFO 2024-04-26 22:16:42,940 autoreload 70624 8302721728 Watching for file changes with StatReloader
ERROR 2024-04-26 22:16:49,274 log 70624 6162427904 Internal Server Error: /random/about/
Traceback (most recent call last):
  File "/Users/ainurshamsutdinov/Projects/geekbrains/django/1-seminar-django/.venv/lib/python3.12/site-packages/django/template/backends/django.py", line 61, in render
    return self.template.render(context)
           ^^^^^^^^^^^^^^^^^^^^^^^^^^^^^
  File "/Users/ainurshamsutdinov/Projects/geekbrains/django/1-seminar-django/.venv/lib/python3.12/site-packages/django/template/base.py", line 171, in render
    return self._render(context)
           ^^^^^^^^^^^^^^^^^^^^^
  File "/Users/ainurshamsutdinov/Projects/geekbrains/django/1-seminar-django/.venv/lib/python3.12/site-packages/django/template/base.py", line 163, in _render
    return self.nodelist.render(context)
           ^^^^^^^^^^^^^^^^^^^^^^^^^^^^^
  File "/Users/ainurshamsutdinov/Projects/geekbrains/django/1-seminar-django/.venv/lib/python3.12/site-packages/django/template/base.py", line 1000, in render
    return SafeString("".join([node.render_annotated(context) for node in self]))
                               ^^^^^^^^^^^^^^^^^^^^^^^^^^^^^^
  File "/Users/ainurshamsutdinov/Projects/geekbrains/django/1-seminar-django/.venv/lib/python3.12/site-packages/django/template/base.py", line 961, in render_annotated
    return self.render(context)
           ^^^^^^^^^^^^^^^^^^^^
  File "/Users/ainurshamsutdinov/Projects/geekbrains/django/1-seminar-django/.venv/lib/python3.12/site-packages/django/template/loader_tags.py", line 134, in render
    compiled_parent = self.get_parent(context)
                      ^^^^^^^^^^^^^^^^^^^^^^^^
  File "/Users/ainurshamsutdinov/Projects/geekbrains/django/1-seminar-django/.venv/lib/python3.12/site-packages/django/template/loader_tags.py", line 131, in get_parent
    return self.find_template(parent, context)
           ^^^^^^^^^^^^^^^^^^^^^^^^^^^^^^^^^^^
  File "/Users/ainurshamsutdinov/Projects/geekbrains/django/1-seminar-django/.venv/lib/python3.12/site-packages/django/template/loader_tags.py", line 109, in find_template
    template, origin = context.template.engine.find_template(
                       ^^^^^^^^^^^^^^^^^^^^^^^^^^^^^^^^^^^^^^
  File "/Users/ainurshamsutdinov/Projects/geekbrains/django/1-seminar-django/.venv/lib/python3.12/site-packages/django/template/engine.py", line 163, in find_template
    raise TemplateDoesNotExist(name, tried=tried)
django.template.exceptions.TemplateDoesNotExist: base_template.html

The above exception was the direct cause of the following exception:

Traceback (most recent call last):
  File "/Users/ainurshamsutdinov/Projects/geekbrains/django/1-seminar-django/.venv/lib/python3.12/site-packages/django/core/handlers/exception.py", line 55, in inner
    response = get_response(request)
               ^^^^^^^^^^^^^^^^^^^^^
  File "/Users/ainurshamsutdinov/Projects/geekbrains/django/1-seminar-django/.venv/lib/python3.12/site-packages/django/core/handlers/base.py", line 197, in _get_response
    response = wrapped_callback(request, *callback_args, **callback_kwargs)
               ^^^^^^^^^^^^^^^^^^^^^^^^^^^^^^^^^^^^^^^^^^^^^^^^^^^^^^^^^^^^
  File "/Users/ainurshamsutdinov/Projects/geekbrains/django/1-seminar-django/seminar/randomapp/views.py", line 41, in about
    return render(request, "randomapp/about.html", context)
           ^^^^^^^^^^^^^^^^^^^^^^^^^^^^^^^^^^^^^^^^^^^^^^^^
  File "/Users/ainurshamsutdinov/Projects/geekbrains/django/1-seminar-django/.venv/lib/python3.12/site-packages/django/shortcuts.py", line 25, in render
    content = loader.render_to_string(template_name, context, request, using=using)
              ^^^^^^^^^^^^^^^^^^^^^^^^^^^^^^^^^^^^^^^^^^^^^^^^^^^^^^^^^^^^^^^^^^^^^
  File "/Users/ainurshamsutdinov/Projects/geekbrains/django/1-seminar-django/.venv/lib/python3.12/site-packages/django/template/loader.py", line 62, in render_to_string
    return template.render(context, request)
           ^^^^^^^^^^^^^^^^^^^^^^^^^^^^^^^^^
  File "/Users/ainurshamsutdinov/Projects/geekbrains/django/1-seminar-django/.venv/lib/python3.12/site-packages/django/template/backends/django.py", line 63, in render
    reraise(exc, self.backend)
  File "/Users/ainurshamsutdinov/Projects/geekbrains/django/1-seminar-django/.venv/lib/python3.12/site-packages/django/template/backends/django.py", line 84, in reraise
    raise new from exc
django.template.exceptions.TemplateDoesNotExist: base_template.html
ERROR 2024-04-26 22:16:49,277 basehttp 70624 6162427904 "GET /random/about/ HTTP/1.1" 500 122951
INFO 2024-04-26 22:21:02,027 autoreload 70624 8302721728 /Users/ainurshamsutdinov/Projects/geekbrains/django/1-seminar-django/seminar/seminar/settings.py changed, reloading.
INFO 2024-04-26 22:21:02,190 autoreload 70637 8302721728 Watching for file changes with StatReloader
INFO 2024-04-26 22:21:42,700 autoreload 70637 8302721728 /Users/ainurshamsutdinov/Projects/geekbrains/django/1-seminar-django/seminar/seminar/settings.py changed, reloading.
INFO 2024-04-26 22:21:42,885 autoreload 70648 8302721728 Watching for file changes with StatReloader
INFO 2024-04-26 22:21:55,258 basehttp 70648 6126678016 "GET /random/about/ HTTP/1.1" 200 567
WARNING 2024-04-26 22:21:55,277 basehttp 70648 6126678016 "GET /static/css/styles.css HTTP/1.1" 404 1801
INFO 2024-04-26 22:22:00,569 basehttp 70648 6143504384 "GET /random/about/ HTTP/1.1" 200 567
WARNING 2024-04-26 22:22:00,581 basehttp 70648 6143504384 "GET /static/css/styles.css HTTP/1.1" 404 1801
INFO 2024-04-26 22:22:01,556 basehttp 70648 6126678016 "GET /random/about/ HTTP/1.1" 200 567
WARNING 2024-04-26 22:22:01,571 basehttp 70648 6126678016 "GET /static/css/styles.css HTTP/1.1" 404 1801
INFO 2024-04-26 22:23:14,424 autoreload 70658 8302721728 Watching for file changes with StatReloader
INFO 2024-04-26 22:23:20,317 basehttp 70658 6167572480 "GET /random/about/ HTTP/1.1" 200 567
WARNING 2024-04-26 22:23:20,335 basehttp 70658 6167572480 "GET /static/css/styles.css HTTP/1.1" 404 1801
INFO 2024-04-26 22:25:32,359 autoreload 70658 8302721728 /Users/ainurshamsutdinov/Projects/geekbrains/django/1-seminar-django/seminar/randomapp/views.py changed, reloading.
INFO 2024-04-26 22:25:32,524 autoreload 70667 8302721728 Watching for file changes with StatReloader
INFO 2024-04-26 22:25:36,363 basehttp 70667 6202781696 "GET /random/about/ HTTP/1.1" 200 567
WARNING 2024-04-26 22:25:36,378 basehttp 70667 6202781696 "GET /static/css/styles.css HTTP/1.1" 404 1801
INFO 2024-04-26 22:25:38,468 basehttp 70667 6219608064 "GET /random/about/ HTTP/1.1" 200 567
WARNING 2024-04-26 22:25:38,478 basehttp 70667 6219608064 "GET /static/css/styles.css HTTP/1.1" 404 1801
INFO 2024-04-26 22:28:48,101 autoreload 70667 8302721728 /Users/ainurshamsutdinov/Projects/geekbrains/django/1-seminar-django/seminar/seminar/settings.py changed, reloading.
INFO 2024-04-26 22:28:48,262 autoreload 70713 8302721728 Watching for file changes with StatReloader
ERROR 2024-04-26 22:28:52,567 log 70713 6166638592 Internal Server Error: /random/about/
Traceback (most recent call last):
  File "/Users/ainurshamsutdinov/Projects/geekbrains/django/1-seminar-django/.venv/lib/python3.12/site-packages/django/core/handlers/exception.py", line 55, in inner
    response = get_response(request)
               ^^^^^^^^^^^^^^^^^^^^^
  File "/Users/ainurshamsutdinov/Projects/geekbrains/django/1-seminar-django/.venv/lib/python3.12/site-packages/django/core/handlers/base.py", line 197, in _get_response
    response = wrapped_callback(request, *callback_args, **callback_kwargs)
               ^^^^^^^^^^^^^^^^^^^^^^^^^^^^^^^^^^^^^^^^^^^^^^^^^^^^^^^^^^^^
  File "/Users/ainurshamsutdinov/Projects/geekbrains/django/1-seminar-django/seminar/randomapp/views.py", line 41, in about
    return render(request, "about.html", context)
           ^^^^^^^^^^^^^^^^^^^^^^^^^^^^^^^^^^^^^^
  File "/Users/ainurshamsutdinov/Projects/geekbrains/django/1-seminar-django/.venv/lib/python3.12/site-packages/django/shortcuts.py", line 25, in render
    content = loader.render_to_string(template_name, context, request, using=using)
              ^^^^^^^^^^^^^^^^^^^^^^^^^^^^^^^^^^^^^^^^^^^^^^^^^^^^^^^^^^^^^^^^^^^^^
  File "/Users/ainurshamsutdinov/Projects/geekbrains/django/1-seminar-django/.venv/lib/python3.12/site-packages/django/template/loader.py", line 61, in render_to_string
    template = get_template(template_name, using=using)
               ^^^^^^^^^^^^^^^^^^^^^^^^^^^^^^^^^^^^^^^^
  File "/Users/ainurshamsutdinov/Projects/geekbrains/django/1-seminar-django/.venv/lib/python3.12/site-packages/django/template/loader.py", line 19, in get_template
    raise TemplateDoesNotExist(template_name, chain=chain)
django.template.exceptions.TemplateDoesNotExist: about.html
ERROR 2024-04-26 22:28:52,568 basehttp 70713 6166638592 "GET /random/about/ HTTP/1.1" 500 76768
INFO 2024-04-26 22:29:25,790 autoreload 70713 8302721728 /Users/ainurshamsutdinov/Projects/geekbrains/django/1-seminar-django/seminar/randomapp/views.py changed, reloading.
INFO 2024-04-26 22:29:25,964 autoreload 70719 8302721728 Watching for file changes with StatReloader
ERROR 2024-04-26 22:29:28,245 log 70719 6129201152 Internal Server Error: /random/about/
Traceback (most recent call last):
  File "/Users/ainurshamsutdinov/Projects/geekbrains/django/1-seminar-django/.venv/lib/python3.12/site-packages/django/template/base.py", line 502, in parse
    compile_func = self.tags[command]
                   ~~~~~~~~~^^^^^^^^^
KeyError: 'endblock'

During handling of the above exception, another exception occurred:

Traceback (most recent call last):
  File "/Users/ainurshamsutdinov/Projects/geekbrains/django/1-seminar-django/.venv/lib/python3.12/site-packages/django/core/handlers/exception.py", line 55, in inner
    response = get_response(request)
               ^^^^^^^^^^^^^^^^^^^^^
  File "/Users/ainurshamsutdinov/Projects/geekbrains/django/1-seminar-django/.venv/lib/python3.12/site-packages/django/core/handlers/base.py", line 197, in _get_response
    response = wrapped_callback(request, *callback_args, **callback_kwargs)
               ^^^^^^^^^^^^^^^^^^^^^^^^^^^^^^^^^^^^^^^^^^^^^^^^^^^^^^^^^^^^
  File "/Users/ainurshamsutdinov/Projects/geekbrains/django/1-seminar-django/seminar/randomapp/views.py", line 41, in about
    return render(request, "randomapp/about.html", context)
           ^^^^^^^^^^^^^^^^^^^^^^^^^^^^^^^^^^^^^^^^^^^^^^^^
  File "/Users/ainurshamsutdinov/Projects/geekbrains/django/1-seminar-django/.venv/lib/python3.12/site-packages/django/shortcuts.py", line 25, in render
    content = loader.render_to_string(template_name, context, request, using=using)
              ^^^^^^^^^^^^^^^^^^^^^^^^^^^^^^^^^^^^^^^^^^^^^^^^^^^^^^^^^^^^^^^^^^^^^
  File "/Users/ainurshamsutdinov/Projects/geekbrains/django/1-seminar-django/.venv/lib/python3.12/site-packages/django/template/loader.py", line 61, in render_to_string
    template = get_template(template_name, using=using)
               ^^^^^^^^^^^^^^^^^^^^^^^^^^^^^^^^^^^^^^^^
  File "/Users/ainurshamsutdinov/Projects/geekbrains/django/1-seminar-django/.venv/lib/python3.12/site-packages/django/template/loader.py", line 15, in get_template
    return engine.get_template(template_name)
           ^^^^^^^^^^^^^^^^^^^^^^^^^^^^^^^^^^
  File "/Users/ainurshamsutdinov/Projects/geekbrains/django/1-seminar-django/.venv/lib/python3.12/site-packages/django/template/backends/django.py", line 33, in get_template
    return Template(self.engine.get_template(template_name), self)
                    ^^^^^^^^^^^^^^^^^^^^^^^^^^^^^^^^^^^^^^^
  File "/Users/ainurshamsutdinov/Projects/geekbrains/django/1-seminar-django/.venv/lib/python3.12/site-packages/django/template/engine.py", line 177, in get_template
    template, origin = self.find_template(template_name)
                       ^^^^^^^^^^^^^^^^^^^^^^^^^^^^^^^^^
  File "/Users/ainurshamsutdinov/Projects/geekbrains/django/1-seminar-django/.venv/lib/python3.12/site-packages/django/template/engine.py", line 159, in find_template
    template = loader.get_template(name, skip=skip)
               ^^^^^^^^^^^^^^^^^^^^^^^^^^^^^^^^^^^^
  File "/Users/ainurshamsutdinov/Projects/geekbrains/django/1-seminar-django/.venv/lib/python3.12/site-packages/django/template/loaders/cached.py", line 57, in get_template
    template = super().get_template(template_name, skip)
               ^^^^^^^^^^^^^^^^^^^^^^^^^^^^^^^^^^^^^^^^^
  File "/Users/ainurshamsutdinov/Projects/geekbrains/django/1-seminar-django/.venv/lib/python3.12/site-packages/django/template/loaders/base.py", line 28, in get_template
    return Template(
           ^^^^^^^^^
  File "/Users/ainurshamsutdinov/Projects/geekbrains/django/1-seminar-django/.venv/lib/python3.12/site-packages/django/template/base.py", line 154, in __init__
    self.nodelist = self.compile_nodelist()
                    ^^^^^^^^^^^^^^^^^^^^^^^
  File "/Users/ainurshamsutdinov/Projects/geekbrains/django/1-seminar-django/.venv/lib/python3.12/site-packages/django/template/base.py", line 196, in compile_nodelist
    return parser.parse()
           ^^^^^^^^^^^^^^
  File "/Users/ainurshamsutdinov/Projects/geekbrains/django/1-seminar-django/.venv/lib/python3.12/site-packages/django/template/base.py", line 504, in parse
    self.invalid_block_tag(token, command, parse_until)
  File "/Users/ainurshamsutdinov/Projects/geekbrains/django/1-seminar-django/.venv/lib/python3.12/site-packages/django/template/base.py", line 565, in invalid_block_tag
    raise self.error(
django.template.exceptions.TemplateSyntaxError: Invalid block tag on line 14: 'endblock'. Did you forget to register or load this tag?
ERROR 2024-04-26 22:29:28,247 basehttp 70719 6129201152 "GET /random/about/ HTTP/1.1" 500 129012
INFO 2024-04-26 22:30:07,673 autoreload 70725 8302721728 Watching for file changes with StatReloader
ERROR 2024-04-26 22:30:11,921 log 70725 6128791552 Internal Server Error: /random/about/
Traceback (most recent call last):
  File "/Users/ainurshamsutdinov/Projects/geekbrains/django/1-seminar-django/.venv/lib/python3.12/site-packages/django/template/base.py", line 502, in parse
    compile_func = self.tags[command]
                   ~~~~~~~~~^^^^^^^^^
KeyError: 'endblock'

During handling of the above exception, another exception occurred:

Traceback (most recent call last):
  File "/Users/ainurshamsutdinov/Projects/geekbrains/django/1-seminar-django/.venv/lib/python3.12/site-packages/django/core/handlers/exception.py", line 55, in inner
    response = get_response(request)
               ^^^^^^^^^^^^^^^^^^^^^
  File "/Users/ainurshamsutdinov/Projects/geekbrains/django/1-seminar-django/.venv/lib/python3.12/site-packages/django/core/handlers/base.py", line 197, in _get_response
    response = wrapped_callback(request, *callback_args, **callback_kwargs)
               ^^^^^^^^^^^^^^^^^^^^^^^^^^^^^^^^^^^^^^^^^^^^^^^^^^^^^^^^^^^^
  File "/Users/ainurshamsutdinov/Projects/geekbrains/django/1-seminar-django/seminar/randomapp/views.py", line 41, in about
    return render(request, "randomapp/about.html", context)
           ^^^^^^^^^^^^^^^^^^^^^^^^^^^^^^^^^^^^^^^^^^^^^^^^
  File "/Users/ainurshamsutdinov/Projects/geekbrains/django/1-seminar-django/.venv/lib/python3.12/site-packages/django/shortcuts.py", line 25, in render
    content = loader.render_to_string(template_name, context, request, using=using)
              ^^^^^^^^^^^^^^^^^^^^^^^^^^^^^^^^^^^^^^^^^^^^^^^^^^^^^^^^^^^^^^^^^^^^^
  File "/Users/ainurshamsutdinov/Projects/geekbrains/django/1-seminar-django/.venv/lib/python3.12/site-packages/django/template/loader.py", line 61, in render_to_string
    template = get_template(template_name, using=using)
               ^^^^^^^^^^^^^^^^^^^^^^^^^^^^^^^^^^^^^^^^
  File "/Users/ainurshamsutdinov/Projects/geekbrains/django/1-seminar-django/.venv/lib/python3.12/site-packages/django/template/loader.py", line 15, in get_template
    return engine.get_template(template_name)
           ^^^^^^^^^^^^^^^^^^^^^^^^^^^^^^^^^^
  File "/Users/ainurshamsutdinov/Projects/geekbrains/django/1-seminar-django/.venv/lib/python3.12/site-packages/django/template/backends/django.py", line 33, in get_template
    return Template(self.engine.get_template(template_name), self)
                    ^^^^^^^^^^^^^^^^^^^^^^^^^^^^^^^^^^^^^^^
  File "/Users/ainurshamsutdinov/Projects/geekbrains/django/1-seminar-django/.venv/lib/python3.12/site-packages/django/template/engine.py", line 177, in get_template
    template, origin = self.find_template(template_name)
                       ^^^^^^^^^^^^^^^^^^^^^^^^^^^^^^^^^
  File "/Users/ainurshamsutdinov/Projects/geekbrains/django/1-seminar-django/.venv/lib/python3.12/site-packages/django/template/engine.py", line 159, in find_template
    template = loader.get_template(name, skip=skip)
               ^^^^^^^^^^^^^^^^^^^^^^^^^^^^^^^^^^^^
  File "/Users/ainurshamsutdinov/Projects/geekbrains/django/1-seminar-django/.venv/lib/python3.12/site-packages/django/template/loaders/cached.py", line 57, in get_template
    template = super().get_template(template_name, skip)
               ^^^^^^^^^^^^^^^^^^^^^^^^^^^^^^^^^^^^^^^^^
  File "/Users/ainurshamsutdinov/Projects/geekbrains/django/1-seminar-django/.venv/lib/python3.12/site-packages/django/template/loaders/base.py", line 28, in get_template
    return Template(
           ^^^^^^^^^
  File "/Users/ainurshamsutdinov/Projects/geekbrains/django/1-seminar-django/.venv/lib/python3.12/site-packages/django/template/base.py", line 154, in __init__
    self.nodelist = self.compile_nodelist()
                    ^^^^^^^^^^^^^^^^^^^^^^^
  File "/Users/ainurshamsutdinov/Projects/geekbrains/django/1-seminar-django/.venv/lib/python3.12/site-packages/django/template/base.py", line 196, in compile_nodelist
    return parser.parse()
           ^^^^^^^^^^^^^^
  File "/Users/ainurshamsutdinov/Projects/geekbrains/django/1-seminar-django/.venv/lib/python3.12/site-packages/django/template/base.py", line 504, in parse
    self.invalid_block_tag(token, command, parse_until)
  File "/Users/ainurshamsutdinov/Projects/geekbrains/django/1-seminar-django/.venv/lib/python3.12/site-packages/django/template/base.py", line 565, in invalid_block_tag
    raise self.error(
django.template.exceptions.TemplateSyntaxError: Invalid block tag on line 11: 'endblock'. Did you forget to register or load this tag?
ERROR 2024-04-26 22:30:11,923 basehttp 70725 6128791552 "GET /random/about/ HTTP/1.1" 500 128377
INFO 2024-04-26 22:31:39,863 basehttp 70725 6128791552 "GET /random/about/ HTTP/1.1" 200 237
INFO 2024-04-26 22:33:36,061 autoreload 70725 8302721728 /Users/ainurshamsutdinov/Projects/geekbrains/django/1-seminar-django/seminar/randomapp/views.py changed, reloading.
INFO 2024-04-26 22:33:36,241 autoreload 70759 8302721728 Watching for file changes with StatReloader
INFO 2024-04-26 22:33:36,567 basehttp 70759 6203289600 "GET /random/about/ HTTP/1.1" 200 237
INFO 2024-04-26 22:33:38,227 views 70759 6203289600 Head or tails page accessed Tails
INFO 2024-04-26 22:33:38,227 basehttp 70759 6203289600 "GET /random/headtail/ HTTP/1.1" 200 21
INFO 2024-04-26 22:33:40,062 views 70759 6203289600 Dice page accessed 6
INFO 2024-04-26 22:33:40,063 basehttp 70759 6203289600 "GET /random/dice/ HTTP/1.1" 200 10
INFO 2024-04-26 22:33:41,657 views 70759 6203289600 Random from 0 to 100 is 75
INFO 2024-04-26 22:33:41,657 basehttp 70759 6203289600 "GET /random/random/ HTTP/1.1" 200 36
INFO 2024-04-26 22:33:43,584 views 70759 6203289600 Head or tails page accessed Tails
INFO 2024-04-26 22:33:43,585 basehttp 70759 6203289600 "GET /random/headtail/ HTTP/1.1" 200 21
INFO 2024-04-26 22:34:02,536 basehttp 70759 6203289600 "GET /random/about/ HTTP/1.1" 200 237
INFO 2024-04-26 22:34:13,365 basehttp 70759 6203289600 "GET /random/about/ HTTP/1.1" 200 237
INFO 2024-04-26 22:34:13,728 autoreload 70759 8302721728 /Users/ainurshamsutdinov/Projects/geekbrains/django/1-seminar-django/seminar/randomapp/views.py changed, reloading.
INFO 2024-04-26 22:34:13,917 autoreload 70775 8302721728 Watching for file changes with StatReloader
INFO 2024-04-26 22:34:20,931 basehttp 70775 6125744128 "GET /random/about/ HTTP/1.1" 200 243
INFO 2024-04-26 22:34:38,819 basehttp 70775 6125744128 "GET /random/about/ HTTP/1.1" 200 243
INFO 2024-04-26 22:36:46,814 autoreload 70775 8302721728 /Users/ainurshamsutdinov/Projects/geekbrains/django/1-seminar-django/seminar/randomapp/views.py changed, reloading.
INFO 2024-04-26 22:36:46,969 autoreload 70803 8302721728 Watching for file changes with StatReloader
INFO 2024-04-26 22:36:49,365 basehttp 70803 6197325824 "GET /random/about/ HTTP/1.1" 200 284
INFO 2024-04-26 22:36:55,588 views 70803 6197325824 Dice page accessed 4
INFO 2024-04-26 22:36:55,589 basehttp 70803 6197325824 "GET /random/dice/ HTTP/1.1" 200 10
INFO 2024-04-26 22:36:57,736 views 70803 6197325824 Random from 0 to 100 is 85
INFO 2024-04-26 22:36:57,738 basehttp 70803 6197325824 "GET /random/random/ HTTP/1.1" 200 36
INFO 2024-04-26 22:38:07,969 autoreload 70803 8302721728 /Users/ainurshamsutdinov/Projects/geekbrains/django/1-seminar-django/seminar/randomapp/views.py changed, reloading.
INFO 2024-04-26 22:38:08,146 autoreload 70814 8302721728 Watching for file changes with StatReloader
INFO 2024-04-26 22:40:52,983 autoreload 70814 8302721728 /Users/ainurshamsutdinov/Projects/geekbrains/django/1-seminar-django/seminar/randomapp/urls.py changed, reloading.
INFO 2024-04-26 22:40:53,148 autoreload 70845 8302721728 Watching for file changes with StatReloader
WARNING 2024-04-26 22:40:59,102 log 70845 6156578816 Not Found: /random/about/
WARNING 2024-04-26 22:40:59,103 basehttp 70845 6156578816 "GET /random/about/ HTTP/1.1" 404 3160
WARNING 2024-04-26 22:43:30,774 log 70845 6156578816 Not Found: /random/about/
WARNING 2024-04-26 22:43:30,774 basehttp 70845 6156578816 "GET /random/about/ HTTP/1.1" 404 3160
INFO 2024-04-26 22:43:30,898 autoreload 70845 8302721728 /Users/ainurshamsutdinov/Projects/geekbrains/django/1-seminar-django/seminar/randomapp/views.py changed, reloading.
INFO 2024-04-26 22:43:31,088 autoreload 70877 8302721728 Watching for file changes with StatReloader
WARNING 2024-04-26 22:43:31,295 log 70877 6156201984 Not Found: /random/about/
WARNING 2024-04-26 22:43:31,295 basehttp 70877 6156201984 "GET /random/about/ HTTP/1.1" 404 3333
WARNING 2024-04-26 22:43:32,471 log 70877 6156201984 Not Found: /random/about/
WARNING 2024-04-26 22:43:32,472 basehttp 70877 6156201984 "GET /random/about/ HTTP/1.1" 404 3333
INFO 2024-04-26 22:44:07,591 autoreload 70877 8302721728 /Users/ainurshamsutdinov/Projects/geekbrains/django/1-seminar-django/seminar/randomapp/urls.py changed, reloading.
INFO 2024-04-26 22:44:07,762 autoreload 70891 8302721728 Watching for file changes with StatReloader
INFO 2024-04-26 22:44:09,447 basehttp 70891 6192459776 "GET /random/about/ HTTP/1.1" 200 142
INFO 2024-04-26 22:44:54,360 basehttp 70891 6192459776 "GET /random/about/ HTTP/1.1" 200 142
INFO 2024-04-26 22:44:54,368 autoreload 70891 8302721728 /Users/ainurshamsutdinov/Projects/geekbrains/django/1-seminar-django/seminar/randomapp/views.py changed, reloading.
INFO 2024-04-26 22:44:54,533 autoreload 70906 8302721728 Watching for file changes with StatReloader
INFO 2024-04-26 22:46:59,973 autoreload 70917 8302721728 Watching for file changes with StatReloader
INFO 2024-04-26 22:47:01,770 basehttp 70917 6123925504 "GET /random/about/ HTTP/1.1" 200 107
INFO 2024-04-26 22:47:51,977 autoreload 70937 8302721728 Watching for file changes with StatReloader
INFO 2024-04-26 22:47:54,049 basehttp 70937 6190493696 "GET /random/about/ HTTP/1.1" 200 109
INFO 2024-04-26 22:47:54,915 basehttp 70937 6190493696 "GET /random/about/ HTTP/1.1" 200 109
INFO 2024-04-26 22:48:34,646 basehttp 70937 6190493696 "GET /random/main/ HTTP/1.1" 200 281
INFO 2024-04-26 22:48:40,482 basehttp 70937 6190493696 "GET /random/about/ HTTP/1.1" 200 109
INFO 2024-04-26 22:49:22,717 basehttp 70937 6190493696 "GET /random/main/ HTTP/1.1" 200 281
INFO 2024-04-26 22:49:26,250 views 70937 6190493696 Head or tails page accessed Tails
INFO 2024-04-26 22:49:26,250 basehttp 70937 6190493696 "GET /random/headtail/ HTTP/1.1" 200 21
INFO 2024-04-26 22:49:31,450 views 70937 6190493696 Dice page accessed 3
INFO 2024-04-26 22:49:31,451 basehttp 70937 6190493696 "GET /random/dice/ HTTP/1.1" 200 10
INFO 2024-04-26 22:49:33,038 views 70937 6190493696 Head or tails page accessed Heads
INFO 2024-04-26 22:49:33,039 basehttp 70937 6190493696 "GET /random/headtail/ HTTP/1.1" 200 21
INFO 2024-04-26 22:49:34,218 views 70937 6190493696 Head or tails page accessed Tails
INFO 2024-04-26 22:49:34,219 basehttp 70937 6190493696 "GET /random/headtail/ HTTP/1.1" 200 21
INFO 2024-04-26 22:49:35,701 views 70937 6190493696 Random from 0 to 100 is 14
INFO 2024-04-26 22:49:35,702 basehttp 70937 6190493696 "GET /random/random/ HTTP/1.1" 200 36
INFO 2024-04-26 22:49:37,514 views 70937 6190493696 Random from 0 to 100 is 62
INFO 2024-04-26 22:49:37,514 basehttp 70937 6190493696 "GET /random/random/ HTTP/1.1" 200 36
INFO 2024-04-26 22:49:37,995 views 70937 6190493696 Random from 0 to 100 is 84
INFO 2024-04-26 22:49:37,995 basehttp 70937 6190493696 "GET /random/random/ HTTP/1.1" 200 36
INFO 2024-04-26 22:49:38,480 views 70937 6190493696 Random from 0 to 100 is 46
INFO 2024-04-26 22:49:38,480 basehttp 70937 6190493696 "GET /random/random/ HTTP/1.1" 200 36
INFO 2024-04-26 22:49:38,676 views 70937 6190493696 Random from 0 to 100 is 56
INFO 2024-04-26 22:49:38,677 basehttp 70937 6190493696 "GET /random/random/ HTTP/1.1" 200 36
INFO 2024-04-26 22:49:38,861 views 70937 6190493696 Random from 0 to 100 is 85
INFO 2024-04-26 22:49:38,862 basehttp 70937 6190493696 "GET /random/random/ HTTP/1.1" 200 36
INFO 2024-04-26 22:49:39,058 views 70937 6190493696 Random from 0 to 100 is 49
INFO 2024-04-26 22:49:39,059 basehttp 70937 6190493696 "GET /random/random/ HTTP/1.1" 200 36
INFO 2024-04-26 22:49:39,241 views 70937 6190493696 Random from 0 to 100 is 35
INFO 2024-04-26 22:49:39,242 basehttp 70937 6190493696 "GET /random/random/ HTTP/1.1" 200 36
INFO 2024-04-26 22:49:39,433 views 70937 6190493696 Random from 0 to 100 is 7
INFO 2024-04-26 22:49:39,434 basehttp 70937 6190493696 "GET /random/random/ HTTP/1.1" 200 35
INFO 2024-04-26 22:49:39,623 views 70937 6190493696 Random from 0 to 100 is 60
INFO 2024-04-26 22:49:39,624 basehttp 70937 6190493696 "GET /random/random/ HTTP/1.1" 200 36
INFO 2024-04-26 22:49:39,827 views 70937 6190493696 Random from 0 to 100 is 69
INFO 2024-04-26 22:49:39,828 basehttp 70937 6190493696 "GET /random/random/ HTTP/1.1" 200 36
INFO 2024-04-26 22:49:40,011 views 70937 6190493696 Random from 0 to 100 is 35
INFO 2024-04-26 22:49:40,012 basehttp 70937 6190493696 "GET /random/random/ HTTP/1.1" 200 36
INFO 2024-04-26 22:49:40,193 views 70937 6190493696 Random from 0 to 100 is 84
INFO 2024-04-26 22:49:40,194 basehttp 70937 6190493696 "GET /random/random/ HTTP/1.1" 200 36
